2023-07-07 20:02:08.774 [background-preinit] INFO  org.hibernate.validator.internal.util.Version - HV000001: Hibernate Validator 8.0.0.Final
2023-07-07 20:02:08.793 [main] INFO  com.flekk.OnlineLearningAcademy.OnlineLearningAcademyApplication - Starting OnlineLearningAcademyApplication using Java 20.0.1 with PID 14724 (C:\Users\flek\Documents\IBA\OnlineLearningAcademy\target\classes started by flek in C:\Users\flek\Documents\IBA\OnlineLearningAcademy)
2023-07-07 20:02:08.796 [main] INFO  com.flekk.OnlineLearningAcademy.OnlineLearningAcademyApplication - No active profile set, falling back to 1 default profile: "default"
2023-07-07 20:02:09.385 [main] INFO  org.springframework.data.repository.config.RepositoryConfigurationDelegate - Bootstrapping Spring Data JPA repositories in DEFAULT mode.
2023-07-07 20:02:09.439 [main] INFO  org.springframework.data.repository.config.RepositoryConfigurationDelegate - Finished Spring Data repository scanning in 48 ms. Found 7 JPA repository interfaces.
2023-07-07 20:02:09.809 [main] INFO  org.springframework.boot.web.embedded.tomcat.TomcatWebServer - Tomcat initialized with port(s): 8080 (http)
2023-07-07 20:02:09.815 [main] INFO  org.apache.coyote.http11.Http11NioProtocol - Initializing ProtocolHandler ["http-nio-8080"]
2023-07-07 20:02:09.816 [main] INFO  org.apache.catalina.core.StandardService - Starting service [Tomcat]
2023-07-07 20:02:09.816 [main] INFO  org.apache.catalina.core.StandardEngine - Starting Servlet engine: [Apache Tomcat/10.1.5]
2023-07-07 20:02:09.883 [main] INFO  org.apache.catalina.core.ContainerBase.[Tomcat].[localhost].[/] - Initializing Spring embedded WebApplicationContext
2023-07-07 20:02:09.883 [main] INFO  org.springframework.boot.web.servlet.context.ServletWebServerApplicationContext - Root WebApplicationContext: initialization completed in 1054 ms
2023-07-07 20:02:09.962 [main] INFO  org.hibernate.jpa.internal.util.LogHelper - HHH000204: Processing PersistenceUnitInfo [name: punit]
2023-07-07 20:02:10.003 [main] INFO  org.hibernate.Version - HHH000412: Hibernate ORM core version 6.1.6.Final
2023-07-07 20:02:10.113 [main] WARN  org.hibernate.orm.deprecation - HHH90000021: Encountered deprecated setting [javax.persistence.sharedCache.mode], use [jakarta.persistence.sharedCache.mode] instead
2023-07-07 20:02:10.522 [main] INFO  SQL dialect - HHH000400: Using dialect: org.hibernate.dialect.MySQLDialect
2023-07-07 20:02:11.371 [main] INFO  org.hibernate.engine.transaction.jta.platform.internal.JtaPlatformInitiator - HHH000490: Using JtaPlatform implementation: [org.hibernate.engine.transaction.jta.platform.internal.NoJtaPlatform]
2023-07-07 20:02:11.378 [main] INFO  org.springframework.orm.jpa.LocalContainerEntityManagerFactoryBean - Initialized JPA EntityManagerFactory for persistence unit 'punit'
2023-07-07 20:02:12.089 [main] WARN  org.springframework.boot.autoconfigure.orm.jpa.JpaBaseConfiguration$JpaWebConfiguration - spring.jpa.open-in-view is enabled by default. Therefore, database queries may be performed during view rendering. Explicitly configure spring.jpa.open-in-view to disable this warning
2023-07-07 20:02:12.175 [main] INFO  org.springframework.boot.autoconfigure.web.servlet.WelcomePageHandlerMapping - Adding welcome page template: index
2023-07-07 20:02:12.313 [main] INFO  org.springframework.security.web.DefaultSecurityFilterChain - Will secure any request with [org.springframework.security.web.session.DisableEncodeUrlFilter@7536ef0f, org.springframework.security.web.context.request.async.WebAsyncManagerIntegrationFilter@15311af2, org.springframework.security.web.context.SecurityContextHolderFilter@21c7415e, org.springframework.security.web.header.HeaderWriterFilter@1988e095, org.springframework.security.web.authentication.logout.LogoutFilter@16d7f503, org.springframework.security.web.authentication.UsernamePasswordAuthenticationFilter@5c1605e2, org.springframework.security.web.savedrequest.RequestCacheAwareFilter@30407f28, org.springframework.security.web.servletapi.SecurityContextHolderAwareRequestFilter@2dac4d04, org.springframework.security.web.authentication.AnonymousAuthenticationFilter@796434a3, org.springframework.security.web.access.ExceptionTranslationFilter@5ce593bc, org.springframework.security.web.access.intercept.AuthorizationFilter@4d45b457]
2023-07-07 20:02:12.542 [main] INFO  org.apache.coyote.http11.Http11NioProtocol - Starting ProtocolHandler ["http-nio-8080"]
2023-07-07 20:02:12.557 [main] INFO  org.springframework.boot.web.embedded.tomcat.TomcatWebServer - Tomcat started on port(s): 8080 (http) with context path ''
2023-07-07 20:02:12.563 [main] INFO  com.flekk.OnlineLearningAcademy.OnlineLearningAcademyApplication - Started OnlineLearningAcademyApplication in 4.041 seconds (process running for 4.956)
2023-07-07 20:02:12.621 [http-nio-8080-exec-1] INFO  org.apache.catalina.core.ContainerBase.[Tomcat].[localhost].[/] - Initializing Spring DispatcherServlet 'dispatcherServlet'
2023-07-07 20:02:12.621 [http-nio-8080-exec-1] INFO  org.springframework.web.servlet.DispatcherServlet - Initializing Servlet 'dispatcherServlet'
2023-07-07 20:02:12.622 [http-nio-8080-exec-1] INFO  org.springframework.web.servlet.DispatcherServlet - Completed initialization in 1 ms
2023-07-07 20:06:47.677 [SpringApplicationShutdownHook] INFO  org.springframework.orm.jpa.LocalContainerEntityManagerFactoryBean - Closing JPA EntityManagerFactory for persistence unit 'punit'
