2023-07-07 19:45:46.409 [background-preinit] INFO  org.hibernate.validator.internal.util.Version - HV000001: Hibernate Validator 8.0.0.Final
2023-07-07 19:45:46.436 [main] INFO  com.flekk.OnlineLearningAcademy.OnlineLearningAcademyApplication - Starting OnlineLearningAcademyApplication using Java 20.0.1 with PID 17156 (C:\Users\flek\Documents\IBA\OnlineLearningAcademy\target\classes started by flek in C:\Users\flek\Documents\IBA\OnlineLearningAcademy)
2023-07-07 19:45:46.439 [main] INFO  com.flekk.OnlineLearningAcademy.OnlineLearningAcademyApplication - No active profile set, falling back to 1 default profile: "default"
2023-07-07 19:45:47.008 [main] INFO  org.springframework.data.repository.config.RepositoryConfigurationDelegate - Bootstrapping Spring Data JPA repositories in DEFAULT mode.
2023-07-07 19:45:47.063 [main] INFO  org.springframework.data.repository.config.RepositoryConfigurationDelegate - Finished Spring Data repository scanning in 51 ms. Found 7 JPA repository interfaces.
2023-07-07 19:45:47.455 [main] INFO  org.springframework.boot.web.embedded.tomcat.TomcatWebServer - Tomcat initialized with port(s): 8080 (http)
2023-07-07 19:45:47.462 [main] INFO  org.apache.coyote.http11.Http11NioProtocol - Initializing ProtocolHandler ["http-nio-8080"]
2023-07-07 19:45:47.463 [main] INFO  org.apache.catalina.core.StandardService - Starting service [Tomcat]
2023-07-07 19:45:47.463 [main] INFO  org.apache.catalina.core.StandardEngine - Starting Servlet engine: [Apache Tomcat/10.1.5]
2023-07-07 19:45:47.521 [main] INFO  org.apache.catalina.core.ContainerBase.[Tomcat].[localhost].[/] - Initializing Spring embedded WebApplicationContext
2023-07-07 19:45:47.521 [main] INFO  org.springframework.boot.web.servlet.context.ServletWebServerApplicationContext - Root WebApplicationContext: initialization completed in 1045 ms
2023-07-07 19:45:47.598 [main] INFO  org.hibernate.jpa.internal.util.LogHelper - HHH000204: Processing PersistenceUnitInfo [name: punit]
2023-07-07 19:45:47.643 [main] INFO  org.hibernate.Version - HHH000412: Hibernate ORM core version 6.1.6.Final
2023-07-07 19:45:47.754 [main] WARN  org.hibernate.orm.deprecation - HHH90000021: Encountered deprecated setting [javax.persistence.sharedCache.mode], use [jakarta.persistence.sharedCache.mode] instead
2023-07-07 19:45:48.151 [main] INFO  SQL dialect - HHH000400: Using dialect: org.hibernate.dialect.MySQLDialect
2023-07-07 19:45:48.772 [main] INFO  org.hibernate.engine.transaction.jta.platform.internal.JtaPlatformInitiator - HHH000490: Using JtaPlatform implementation: [org.hibernate.engine.transaction.jta.platform.internal.NoJtaPlatform]
2023-07-07 19:45:48.779 [main] INFO  org.springframework.orm.jpa.LocalContainerEntityManagerFactoryBean - Initialized JPA EntityManagerFactory for persistence unit 'punit'
2023-07-07 19:45:49.409 [main] WARN  org.springframework.boot.autoconfigure.orm.jpa.JpaBaseConfiguration$JpaWebConfiguration - spring.jpa.open-in-view is enabled by default. Therefore, database queries may be performed during view rendering. Explicitly configure spring.jpa.open-in-view to disable this warning
2023-07-07 19:45:49.481 [main] INFO  org.springframework.boot.autoconfigure.web.servlet.WelcomePageHandlerMapping - Adding welcome page template: index
2023-07-07 19:45:49.619 [main] INFO  org.springframework.security.web.DefaultSecurityFilterChain - Will secure any request with [org.springframework.security.web.session.DisableEncodeUrlFilter@3d41881, org.springframework.security.web.context.request.async.WebAsyncManagerIntegrationFilter@3f04349b, org.springframework.security.web.context.SecurityContextHolderFilter@74863aec, org.springframework.security.web.header.HeaderWriterFilter@21298c3a, org.springframework.security.web.authentication.logout.LogoutFilter@7c590039, org.springframework.security.web.authentication.UsernamePasswordAuthenticationFilter@494c452b, org.springframework.security.web.savedrequest.RequestCacheAwareFilter@4f9a8d71, org.springframework.security.web.servletapi.SecurityContextHolderAwareRequestFilter@73ae084e, org.springframework.security.web.authentication.AnonymousAuthenticationFilter@14ca4b4d, org.springframework.security.web.access.ExceptionTranslationFilter@124e538e, org.springframework.security.web.access.intercept.AuthorizationFilter@72e9c0a0]
2023-07-07 19:45:49.828 [main] INFO  org.apache.coyote.http11.Http11NioProtocol - Starting ProtocolHandler ["http-nio-8080"]
2023-07-07 19:45:49.841 [main] INFO  org.springframework.boot.web.embedded.tomcat.TomcatWebServer - Tomcat started on port(s): 8080 (http) with context path ''
2023-07-07 19:45:49.847 [main] INFO  com.flekk.OnlineLearningAcademy.OnlineLearningAcademyApplication - Started OnlineLearningAcademyApplication in 3.681 seconds (process running for 4.566)
2023-07-07 19:46:02.482 [http-nio-8080-exec-1] INFO  org.apache.catalina.core.ContainerBase.[Tomcat].[localhost].[/] - Initializing Spring DispatcherServlet 'dispatcherServlet'
2023-07-07 19:46:02.482 [http-nio-8080-exec-1] INFO  org.springframework.web.servlet.DispatcherServlet - Initializing Servlet 'dispatcherServlet'
2023-07-07 19:46:02.483 [http-nio-8080-exec-1] INFO  org.springframework.web.servlet.DispatcherServlet - Completed initialization in 1 ms
2023-07-07 19:47:31.277 [http-nio-8080-exec-6] INFO  com.flekk.OnlineLearningAcademy.service.impl.CourseServiceImpl - Creating course gwgwg
2023-07-07 19:47:31.320 [http-nio-8080-exec-6] INFO  com.flekk.OnlineLearningAcademy.service.impl.CourseServiceImpl - Course gwgwg created successfully
2023-07-07 19:48:56.682 [SpringApplicationShutdownHook] INFO  org.springframework.orm.jpa.LocalContainerEntityManagerFactoryBean - Closing JPA EntityManagerFactory for persistence unit 'punit'
2023-07-07 19:49:00.642 [background-preinit] INFO  org.hibernate.validator.internal.util.Version - HV000001: Hibernate Validator 8.0.0.Final
2023-07-07 19:49:00.665 [main] INFO  com.flekk.OnlineLearningAcademy.OnlineLearningAcademyApplication - Starting OnlineLearningAcademyApplication using Java 20.0.1 with PID 5732 (C:\Users\flek\Documents\IBA\OnlineLearningAcademy\target\classes started by flek in C:\Users\flek\Documents\IBA\OnlineLearningAcademy)
2023-07-07 19:49:00.668 [main] INFO  com.flekk.OnlineLearningAcademy.OnlineLearningAcademyApplication - No active profile set, falling back to 1 default profile: "default"
2023-07-07 19:49:01.240 [main] INFO  org.springframework.data.repository.config.RepositoryConfigurationDelegate - Bootstrapping Spring Data JPA repositories in DEFAULT mode.
2023-07-07 19:49:01.292 [main] INFO  org.springframework.data.repository.config.RepositoryConfigurationDelegate - Finished Spring Data repository scanning in 46 ms. Found 7 JPA repository interfaces.
2023-07-07 19:49:01.652 [main] INFO  org.springframework.boot.web.embedded.tomcat.TomcatWebServer - Tomcat initialized with port(s): 8080 (http)
2023-07-07 19:49:01.658 [main] INFO  org.apache.coyote.http11.Http11NioProtocol - Initializing ProtocolHandler ["http-nio-8080"]
2023-07-07 19:49:01.658 [main] INFO  org.apache.catalina.core.StandardService - Starting service [Tomcat]
2023-07-07 19:49:01.659 [main] INFO  org.apache.catalina.core.StandardEngine - Starting Servlet engine: [Apache Tomcat/10.1.5]
2023-07-07 19:49:01.711 [main] INFO  org.apache.catalina.core.ContainerBase.[Tomcat].[localhost].[/] - Initializing Spring embedded WebApplicationContext
2023-07-07 19:49:01.711 [main] INFO  org.springframework.boot.web.servlet.context.ServletWebServerApplicationContext - Root WebApplicationContext: initialization completed in 1011 ms
2023-07-07 19:49:01.789 [main] INFO  org.hibernate.jpa.internal.util.LogHelper - HHH000204: Processing PersistenceUnitInfo [name: punit]
2023-07-07 19:49:01.824 [main] INFO  org.hibernate.Version - HHH000412: Hibernate ORM core version 6.1.6.Final
2023-07-07 19:49:01.918 [main] WARN  org.hibernate.orm.deprecation - HHH90000021: Encountered deprecated setting [javax.persistence.sharedCache.mode], use [jakarta.persistence.sharedCache.mode] instead
2023-07-07 19:49:02.270 [main] INFO  SQL dialect - HHH000400: Using dialect: org.hibernate.dialect.MySQLDialect
2023-07-07 19:49:02.861 [main] INFO  org.hibernate.engine.transaction.jta.platform.internal.JtaPlatformInitiator - HHH000490: Using JtaPlatform implementation: [org.hibernate.engine.transaction.jta.platform.internal.NoJtaPlatform]
2023-07-07 19:49:02.867 [main] INFO  org.springframework.orm.jpa.LocalContainerEntityManagerFactoryBean - Initialized JPA EntityManagerFactory for persistence unit 'punit'
2023-07-07 19:49:03.527 [main] WARN  org.springframework.boot.autoconfigure.orm.jpa.JpaBaseConfiguration$JpaWebConfiguration - spring.jpa.open-in-view is enabled by default. Therefore, database queries may be performed during view rendering. Explicitly configure spring.jpa.open-in-view to disable this warning
2023-07-07 19:49:03.605 [main] INFO  org.springframework.boot.autoconfigure.web.servlet.WelcomePageHandlerMapping - Adding welcome page template: index
2023-07-07 19:49:03.744 [main] INFO  org.springframework.security.web.DefaultSecurityFilterChain - Will secure any request with [org.springframework.security.web.session.DisableEncodeUrlFilter@8ae7e03, org.springframework.security.web.context.request.async.WebAsyncManagerIntegrationFilter@551bc2c6, org.springframework.security.web.context.SecurityContextHolderFilter@72cf43fa, org.springframework.security.web.header.HeaderWriterFilter@451393a9, org.springframework.security.web.authentication.logout.LogoutFilter@5112858c, org.springframework.security.web.authentication.UsernamePasswordAuthenticationFilter@3d306fd5, org.springframework.security.web.savedrequest.RequestCacheAwareFilter@1f748d43, org.springframework.security.web.servletapi.SecurityContextHolderAwareRequestFilter@1104cc93, org.springframework.security.web.authentication.AnonymousAuthenticationFilter@6b6b4177, org.springframework.security.web.access.ExceptionTranslationFilter@650929dc, org.springframework.security.web.access.intercept.AuthorizationFilter@7e047d85]
2023-07-07 19:49:03.963 [main] INFO  org.apache.coyote.http11.Http11NioProtocol - Starting ProtocolHandler ["http-nio-8080"]
2023-07-07 19:49:03.977 [main] INFO  org.springframework.boot.web.embedded.tomcat.TomcatWebServer - Tomcat started on port(s): 8080 (http) with context path ''
2023-07-07 19:49:03.986 [main] INFO  com.flekk.OnlineLearningAcademy.OnlineLearningAcademyApplication - Started OnlineLearningAcademyApplication in 3.586 seconds (process running for 4.3)
2023-07-07 19:49:14.806 [SpringApplicationShutdownHook] INFO  org.springframework.orm.jpa.LocalContainerEntityManagerFactoryBean - Closing JPA EntityManagerFactory for persistence unit 'punit'
2023-07-07 19:49:18.694 [background-preinit] INFO  org.hibernate.validator.internal.util.Version - HV000001: Hibernate Validator 8.0.0.Final
2023-07-07 19:49:18.719 [main] INFO  com.flekk.OnlineLearningAcademy.OnlineLearningAcademyApplication - Starting OnlineLearningAcademyApplication using Java 20.0.1 with PID 16712 (C:\Users\flek\Documents\IBA\OnlineLearningAcademy\target\classes started by flek in C:\Users\flek\Documents\IBA\OnlineLearningAcademy)
2023-07-07 19:49:18.723 [main] INFO  com.flekk.OnlineLearningAcademy.OnlineLearningAcademyApplication - No active profile set, falling back to 1 default profile: "default"
2023-07-07 19:49:19.331 [main] INFO  org.springframework.data.repository.config.RepositoryConfigurationDelegate - Bootstrapping Spring Data JPA repositories in DEFAULT mode.
2023-07-07 19:49:19.381 [main] INFO  org.springframework.data.repository.config.RepositoryConfigurationDelegate - Finished Spring Data repository scanning in 44 ms. Found 7 JPA repository interfaces.
2023-07-07 19:49:19.767 [main] INFO  org.springframework.boot.web.embedded.tomcat.TomcatWebServer - Tomcat initialized with port(s): 8080 (http)
2023-07-07 19:49:19.774 [main] INFO  org.apache.coyote.http11.Http11NioProtocol - Initializing ProtocolHandler ["http-nio-8080"]
2023-07-07 19:49:19.774 [main] INFO  org.apache.catalina.core.StandardService - Starting service [Tomcat]
2023-07-07 19:49:19.775 [main] INFO  org.apache.catalina.core.StandardEngine - Starting Servlet engine: [Apache Tomcat/10.1.5]
2023-07-07 19:49:19.831 [main] INFO  org.apache.catalina.core.ContainerBase.[Tomcat].[localhost].[/] - Initializing Spring embedded WebApplicationContext
2023-07-07 19:49:19.831 [main] INFO  org.springframework.boot.web.servlet.context.ServletWebServerApplicationContext - Root WebApplicationContext: initialization completed in 1070 ms
2023-07-07 19:49:19.903 [main] INFO  org.hibernate.jpa.internal.util.LogHelper - HHH000204: Processing PersistenceUnitInfo [name: punit]
2023-07-07 19:49:19.930 [main] INFO  org.hibernate.Version - HHH000412: Hibernate ORM core version 6.1.6.Final
2023-07-07 19:49:20.017 [main] WARN  org.hibernate.orm.deprecation - HHH90000021: Encountered deprecated setting [javax.persistence.sharedCache.mode], use [jakarta.persistence.sharedCache.mode] instead
2023-07-07 19:49:20.360 [main] INFO  SQL dialect - HHH000400: Using dialect: org.hibernate.dialect.MySQLDialect
2023-07-07 19:49:20.975 [main] INFO  org.hibernate.engine.transaction.jta.platform.internal.JtaPlatformInitiator - HHH000490: Using JtaPlatform implementation: [org.hibernate.engine.transaction.jta.platform.internal.NoJtaPlatform]
2023-07-07 19:49:20.981 [main] INFO  org.springframework.orm.jpa.LocalContainerEntityManagerFactoryBean - Initialized JPA EntityManagerFactory for persistence unit 'punit'
2023-07-07 19:49:21.614 [main] WARN  org.springframework.boot.autoconfigure.orm.jpa.JpaBaseConfiguration$JpaWebConfiguration - spring.jpa.open-in-view is enabled by default. Therefore, database queries may be performed during view rendering. Explicitly configure spring.jpa.open-in-view to disable this warning
2023-07-07 19:49:21.682 [main] INFO  org.springframework.boot.autoconfigure.web.servlet.WelcomePageHandlerMapping - Adding welcome page template: index
2023-07-07 19:49:21.819 [main] INFO  org.springframework.security.web.DefaultSecurityFilterChain - Will secure any request with [org.springframework.security.web.session.DisableEncodeUrlFilter@4f61c7e1, org.springframework.security.web.context.request.async.WebAsyncManagerIntegrationFilter@1fb4377d, org.springframework.security.web.context.SecurityContextHolderFilter@4dea763c, org.springframework.security.web.header.HeaderWriterFilter@17d5138, org.springframework.security.web.authentication.logout.LogoutFilter@2565b097, org.springframework.security.web.authentication.UsernamePasswordAuthenticationFilter@36996b37, org.springframework.security.web.savedrequest.RequestCacheAwareFilter@111ae918, org.springframework.security.web.servletapi.SecurityContextHolderAwareRequestFilter@41fdb59c, org.springframework.security.web.authentication.AnonymousAuthenticationFilter@6289376f, org.springframework.security.web.access.ExceptionTranslationFilter@cbf9cc1, org.springframework.security.web.access.intercept.AuthorizationFilter@7ce58c1c]
2023-07-07 19:49:22.016 [main] INFO  org.apache.coyote.http11.Http11NioProtocol - Starting ProtocolHandler ["http-nio-8080"]
2023-07-07 19:49:22.028 [main] INFO  org.springframework.boot.web.embedded.tomcat.TomcatWebServer - Tomcat started on port(s): 8080 (http) with context path ''
2023-07-07 19:49:22.035 [main] INFO  com.flekk.OnlineLearningAcademy.OnlineLearningAcademyApplication - Started OnlineLearningAcademyApplication in 3.583 seconds (process running for 4.339)
2023-07-07 19:49:30.682 [SpringApplicationShutdownHook] INFO  org.springframework.orm.jpa.LocalContainerEntityManagerFactoryBean - Closing JPA EntityManagerFactory for persistence unit 'punit'
2023-07-07 19:49:33.177 [background-preinit] INFO  org.hibernate.validator.internal.util.Version - HV000001: Hibernate Validator 8.0.0.Final
2023-07-07 19:49:33.199 [main] INFO  com.flekk.OnlineLearningAcademy.OnlineLearningAcademyApplication - Starting OnlineLearningAcademyApplication using Java 20.0.1 with PID 5536 (C:\Users\flek\Documents\IBA\OnlineLearningAcademy\target\classes started by flek in C:\Users\flek\Documents\IBA\OnlineLearningAcademy)
2023-07-07 19:49:33.203 [main] INFO  com.flekk.OnlineLearningAcademy.OnlineLearningAcademyApplication - No active profile set, falling back to 1 default profile: "default"
2023-07-07 19:49:33.802 [main] INFO  org.springframework.data.repository.config.RepositoryConfigurationDelegate - Bootstrapping Spring Data JPA repositories in DEFAULT mode.
2023-07-07 19:49:33.853 [main] INFO  org.springframework.data.repository.config.RepositoryConfigurationDelegate - Finished Spring Data repository scanning in 46 ms. Found 7 JPA repository interfaces.
2023-07-07 19:49:34.242 [main] INFO  org.springframework.boot.web.embedded.tomcat.TomcatWebServer - Tomcat initialized with port(s): 8080 (http)
2023-07-07 19:49:34.247 [main] INFO  org.apache.coyote.http11.Http11NioProtocol - Initializing ProtocolHandler ["http-nio-8080"]
2023-07-07 19:49:34.248 [main] INFO  org.apache.catalina.core.StandardService - Starting service [Tomcat]
2023-07-07 19:49:34.248 [main] INFO  org.apache.catalina.core.StandardEngine - Starting Servlet engine: [Apache Tomcat/10.1.5]
2023-07-07 19:49:34.299 [main] INFO  org.apache.catalina.core.ContainerBase.[Tomcat].[localhost].[/] - Initializing Spring embedded WebApplicationContext
2023-07-07 19:49:34.300 [main] INFO  org.springframework.boot.web.servlet.context.ServletWebServerApplicationContext - Root WebApplicationContext: initialization completed in 1060 ms
2023-07-07 19:49:34.368 [main] INFO  org.hibernate.jpa.internal.util.LogHelper - HHH000204: Processing PersistenceUnitInfo [name: punit]
2023-07-07 19:49:34.394 [main] INFO  org.hibernate.Version - HHH000412: Hibernate ORM core version 6.1.6.Final
2023-07-07 19:49:34.482 [main] WARN  org.hibernate.orm.deprecation - HHH90000021: Encountered deprecated setting [javax.persistence.sharedCache.mode], use [jakarta.persistence.sharedCache.mode] instead
2023-07-07 19:49:34.830 [main] INFO  SQL dialect - HHH000400: Using dialect: org.hibernate.dialect.MySQLDialect
2023-07-07 19:49:35.421 [main] INFO  org.hibernate.engine.transaction.jta.platform.internal.JtaPlatformInitiator - HHH000490: Using JtaPlatform implementation: [org.hibernate.engine.transaction.jta.platform.internal.NoJtaPlatform]
2023-07-07 19:49:35.427 [main] INFO  org.springframework.orm.jpa.LocalContainerEntityManagerFactoryBean - Initialized JPA EntityManagerFactory for persistence unit 'punit'
2023-07-07 19:49:36.058 [main] WARN  org.springframework.boot.autoconfigure.orm.jpa.JpaBaseConfiguration$JpaWebConfiguration - spring.jpa.open-in-view is enabled by default. Therefore, database queries may be performed during view rendering. Explicitly configure spring.jpa.open-in-view to disable this warning
2023-07-07 19:49:36.132 [main] INFO  org.springframework.boot.autoconfigure.web.servlet.WelcomePageHandlerMapping - Adding welcome page template: index
2023-07-07 19:49:36.278 [main] INFO  org.springframework.security.web.DefaultSecurityFilterChain - Will secure any request with [org.springframework.security.web.session.DisableEncodeUrlFilter@4dea763c, org.springframework.security.web.context.request.async.WebAsyncManagerIntegrationFilter@26f50a28, org.springframework.security.web.context.SecurityContextHolderFilter@67fdc1e9, org.springframework.security.web.header.HeaderWriterFilter@348c00d9, org.springframework.security.web.authentication.logout.LogoutFilter@14ca4b4d, org.springframework.security.web.authentication.UsernamePasswordAuthenticationFilter@266b7d1, org.springframework.security.web.savedrequest.RequestCacheAwareFilter@4e7bf371, org.springframework.security.web.servletapi.SecurityContextHolderAwareRequestFilter@5fe08, org.springframework.security.web.authentication.AnonymousAuthenticationFilter@111ae918, org.springframework.security.web.access.ExceptionTranslationFilter@369958b0, org.springframework.security.web.access.intercept.AuthorizationFilter@17d5138]
2023-07-07 19:49:36.484 [main] INFO  org.apache.coyote.http11.Http11NioProtocol - Starting ProtocolHandler ["http-nio-8080"]
2023-07-07 19:49:36.497 [main] INFO  org.springframework.boot.web.embedded.tomcat.TomcatWebServer - Tomcat started on port(s): 8080 (http) with context path ''
2023-07-07 19:49:36.506 [main] INFO  com.flekk.OnlineLearningAcademy.OnlineLearningAcademyApplication - Started OnlineLearningAcademyApplication in 3.561 seconds (process running for 4.334)
2023-07-07 19:50:23.057 [SpringApplicationShutdownHook] INFO  org.springframework.orm.jpa.LocalContainerEntityManagerFactoryBean - Closing JPA EntityManagerFactory for persistence unit 'punit'
2023-07-07 19:51:42.118 [background-preinit] INFO  org.hibernate.validator.internal.util.Version - HV000001: Hibernate Validator 8.0.0.Final
2023-07-07 19:51:42.138 [main] INFO  com.flekk.OnlineLearningAcademy.OnlineLearningAcademyApplication - Starting OnlineLearningAcademyApplication using Java 20.0.1 with PID 16656 (C:\Users\flek\Documents\IBA\OnlineLearningAcademy\target\classes started by flek in C:\Users\flek\Documents\IBA\OnlineLearningAcademy)
2023-07-07 19:51:42.142 [main] INFO  com.flekk.OnlineLearningAcademy.OnlineLearningAcademyApplication - No active profile set, falling back to 1 default profile: "default"
2023-07-07 19:51:42.721 [main] INFO  org.springframework.data.repository.config.RepositoryConfigurationDelegate - Bootstrapping Spring Data JPA repositories in DEFAULT mode.
2023-07-07 19:51:42.773 [main] INFO  org.springframework.data.repository.config.RepositoryConfigurationDelegate - Finished Spring Data repository scanning in 47 ms. Found 7 JPA repository interfaces.
2023-07-07 19:51:43.134 [main] INFO  org.springframework.boot.web.embedded.tomcat.TomcatWebServer - Tomcat initialized with port(s): 8080 (http)
2023-07-07 19:51:43.140 [main] INFO  org.apache.coyote.http11.Http11NioProtocol - Initializing ProtocolHandler ["http-nio-8080"]
2023-07-07 19:51:43.140 [main] INFO  org.apache.catalina.core.StandardService - Starting service [Tomcat]
2023-07-07 19:51:43.140 [main] INFO  org.apache.catalina.core.StandardEngine - Starting Servlet engine: [Apache Tomcat/10.1.5]
2023-07-07 19:51:43.193 [main] INFO  org.apache.catalina.core.ContainerBase.[Tomcat].[localhost].[/] - Initializing Spring embedded WebApplicationContext
2023-07-07 19:51:43.193 [main] INFO  org.springframework.boot.web.servlet.context.ServletWebServerApplicationContext - Root WebApplicationContext: initialization completed in 1016 ms
2023-07-07 19:51:43.261 [main] INFO  org.hibernate.jpa.internal.util.LogHelper - HHH000204: Processing PersistenceUnitInfo [name: punit]
2023-07-07 19:51:43.294 [main] INFO  org.hibernate.Version - HHH000412: Hibernate ORM core version 6.1.6.Final
2023-07-07 19:51:43.387 [main] WARN  org.hibernate.orm.deprecation - HHH90000021: Encountered deprecated setting [javax.persistence.sharedCache.mode], use [jakarta.persistence.sharedCache.mode] instead
2023-07-07 19:51:43.725 [main] INFO  SQL dialect - HHH000400: Using dialect: org.hibernate.dialect.MySQLDialect
2023-07-07 19:51:44.336 [main] INFO  org.hibernate.engine.transaction.jta.platform.internal.JtaPlatformInitiator - HHH000490: Using JtaPlatform implementation: [org.hibernate.engine.transaction.jta.platform.internal.NoJtaPlatform]
2023-07-07 19:51:44.342 [main] INFO  org.springframework.orm.jpa.LocalContainerEntityManagerFactoryBean - Initialized JPA EntityManagerFactory for persistence unit 'punit'
2023-07-07 19:51:44.986 [main] WARN  org.springframework.boot.autoconfigure.orm.jpa.JpaBaseConfiguration$JpaWebConfiguration - spring.jpa.open-in-view is enabled by default. Therefore, database queries may be performed during view rendering. Explicitly configure spring.jpa.open-in-view to disable this warning
2023-07-07 19:51:45.074 [main] INFO  org.springframework.boot.autoconfigure.web.servlet.WelcomePageHandlerMapping - Adding welcome page template: index
2023-07-07 19:51:45.229 [main] INFO  org.springframework.security.web.DefaultSecurityFilterChain - Will secure any request with [org.springframework.security.web.session.DisableEncodeUrlFilter@36996b37, org.springframework.security.web.context.request.async.WebAsyncManagerIntegrationFilter@1006d0e3, org.springframework.security.web.context.SecurityContextHolderFilter@266b7d1, org.springframework.security.web.header.HeaderWriterFilter@6ddeeb78, org.springframework.security.web.authentication.logout.LogoutFilter@18be7f57, org.springframework.security.web.authentication.UsernamePasswordAuthenticationFilter@7115d5af, org.springframework.security.web.savedrequest.RequestCacheAwareFilter@4dea763c, org.springframework.security.web.servletapi.SecurityContextHolderAwareRequestFilter@26f50a28, org.springframework.security.web.authentication.AnonymousAuthenticationFilter@4f61c7e1, org.springframework.security.web.access.ExceptionTranslationFilter@31b2c451, org.springframework.security.web.access.intercept.AuthorizationFilter@6e591c03]
2023-07-07 19:51:45.426 [main] INFO  org.apache.coyote.http11.Http11NioProtocol - Starting ProtocolHandler ["http-nio-8080"]
2023-07-07 19:51:45.439 [main] INFO  org.springframework.boot.web.embedded.tomcat.TomcatWebServer - Tomcat started on port(s): 8080 (http) with context path ''
2023-07-07 19:51:45.446 [main] INFO  com.flekk.OnlineLearningAcademy.OnlineLearningAcademyApplication - Started OnlineLearningAcademyApplication in 3.551 seconds (process running for 4.382)
2023-07-07 19:51:58.876 [SpringApplicationShutdownHook] INFO  org.springframework.orm.jpa.LocalContainerEntityManagerFactoryBean - Closing JPA EntityManagerFactory for persistence unit 'punit'
2023-07-07 19:52:25.739 [background-preinit] INFO  org.hibernate.validator.internal.util.Version - HV000001: Hibernate Validator 8.0.0.Final
2023-07-07 19:52:25.763 [main] INFO  com.flekk.OnlineLearningAcademy.OnlineLearningAcademyApplication - Starting OnlineLearningAcademyApplication using Java 20.0.1 with PID 11296 (C:\Users\flek\Documents\IBA\OnlineLearningAcademy\target\classes started by flek in C:\Users\flek\Documents\IBA\OnlineLearningAcademy)
2023-07-07 19:52:25.766 [main] INFO  com.flekk.OnlineLearningAcademy.OnlineLearningAcademyApplication - No active profile set, falling back to 1 default profile: "default"
2023-07-07 19:52:26.338 [main] INFO  org.springframework.data.repository.config.RepositoryConfigurationDelegate - Bootstrapping Spring Data JPA repositories in DEFAULT mode.
2023-07-07 19:52:26.389 [main] INFO  org.springframework.data.repository.config.RepositoryConfigurationDelegate - Finished Spring Data repository scanning in 46 ms. Found 7 JPA repository interfaces.
2023-07-07 19:52:26.741 [main] INFO  org.springframework.boot.web.embedded.tomcat.TomcatWebServer - Tomcat initialized with port(s): 8080 (http)
2023-07-07 19:52:26.747 [main] INFO  org.apache.coyote.http11.Http11NioProtocol - Initializing ProtocolHandler ["http-nio-8080"]
2023-07-07 19:52:26.747 [main] INFO  org.apache.catalina.core.StandardService - Starting service [Tomcat]
2023-07-07 19:52:26.747 [main] INFO  org.apache.catalina.core.StandardEngine - Starting Servlet engine: [Apache Tomcat/10.1.5]
2023-07-07 19:52:26.800 [main] INFO  org.apache.catalina.core.ContainerBase.[Tomcat].[localhost].[/] - Initializing Spring embedded WebApplicationContext
2023-07-07 19:52:26.800 [main] INFO  org.springframework.boot.web.servlet.context.ServletWebServerApplicationContext - Root WebApplicationContext: initialization completed in 998 ms
2023-07-07 19:52:26.869 [main] INFO  org.hibernate.jpa.internal.util.LogHelper - HHH000204: Processing PersistenceUnitInfo [name: punit]
2023-07-07 19:52:26.903 [main] INFO  org.hibernate.Version - HHH000412: Hibernate ORM core version 6.1.6.Final
2023-07-07 19:52:26.986 [main] WARN  org.hibernate.orm.deprecation - HHH90000021: Encountered deprecated setting [javax.persistence.sharedCache.mode], use [jakarta.persistence.sharedCache.mode] instead
2023-07-07 19:52:27.330 [main] INFO  SQL dialect - HHH000400: Using dialect: org.hibernate.dialect.MySQLDialect
2023-07-07 19:52:27.961 [main] INFO  org.hibernate.engine.transaction.jta.platform.internal.JtaPlatformInitiator - HHH000490: Using JtaPlatform implementation: [org.hibernate.engine.transaction.jta.platform.internal.NoJtaPlatform]
2023-07-07 19:52:27.967 [main] INFO  org.springframework.orm.jpa.LocalContainerEntityManagerFactoryBean - Initialized JPA EntityManagerFactory for persistence unit 'punit'
2023-07-07 19:52:28.609 [main] WARN  org.springframework.boot.autoconfigure.orm.jpa.JpaBaseConfiguration$JpaWebConfiguration - spring.jpa.open-in-view is enabled by default. Therefore, database queries may be performed during view rendering. Explicitly configure spring.jpa.open-in-view to disable this warning
2023-07-07 19:52:28.688 [main] INFO  org.springframework.boot.autoconfigure.web.servlet.WelcomePageHandlerMapping - Adding welcome page template: index
2023-07-07 19:52:28.826 [main] INFO  org.springframework.security.web.DefaultSecurityFilterChain - Will secure any request with [org.springframework.security.web.session.DisableEncodeUrlFilter@5b1ebbe, org.springframework.security.web.context.request.async.WebAsyncManagerIntegrationFilter@3b802baa, org.springframework.security.web.context.SecurityContextHolderFilter@5f386009, org.springframework.security.web.header.HeaderWriterFilter@26f50a28, org.springframework.security.web.authentication.logout.LogoutFilter@66859669, org.springframework.security.web.authentication.UsernamePasswordAuthenticationFilter@6289376f, org.springframework.security.web.savedrequest.RequestCacheAwareFilter@1786e49f, org.springframework.security.web.servletapi.SecurityContextHolderAwareRequestFilter@3bfbe2a6, org.springframework.security.web.authentication.AnonymousAuthenticationFilter@109941fa, org.springframework.security.web.access.ExceptionTranslationFilter@17d5138, org.springframework.security.web.access.intercept.AuthorizationFilter@1fb4377d]
2023-07-07 19:52:29.028 [main] INFO  org.apache.coyote.http11.Http11NioProtocol - Starting ProtocolHandler ["http-nio-8080"]
2023-07-07 19:52:29.040 [main] INFO  org.springframework.boot.web.embedded.tomcat.TomcatWebServer - Tomcat started on port(s): 8080 (http) with context path ''
2023-07-07 19:52:29.046 [main] INFO  com.flekk.OnlineLearningAcademy.OnlineLearningAcademyApplication - Started OnlineLearningAcademyApplication in 3.55 seconds (process running for 4.28)
2023-07-07 19:52:47.282 [SpringApplicationShutdownHook] INFO  org.springframework.orm.jpa.LocalContainerEntityManagerFactoryBean - Closing JPA EntityManagerFactory for persistence unit 'punit'
2023-07-07 19:52:48.946 [background-preinit] INFO  org.hibernate.validator.internal.util.Version - HV000001: Hibernate Validator 8.0.0.Final
2023-07-07 19:52:48.972 [main] INFO  com.flekk.OnlineLearningAcademy.OnlineLearningAcademyApplication - Starting OnlineLearningAcademyApplication using Java 20.0.1 with PID 5724 (C:\Users\flek\Documents\IBA\OnlineLearningAcademy\target\classes started by flek in C:\Users\flek\Documents\IBA\OnlineLearningAcademy)
2023-07-07 19:52:48.975 [main] INFO  com.flekk.OnlineLearningAcademy.OnlineLearningAcademyApplication - No active profile set, falling back to 1 default profile: "default"
2023-07-07 19:52:49.559 [main] INFO  org.springframework.data.repository.config.RepositoryConfigurationDelegate - Bootstrapping Spring Data JPA repositories in DEFAULT mode.
2023-07-07 19:52:49.609 [main] INFO  org.springframework.data.repository.config.RepositoryConfigurationDelegate - Finished Spring Data repository scanning in 45 ms. Found 7 JPA repository interfaces.
2023-07-07 19:52:49.980 [main] INFO  org.springframework.boot.web.embedded.tomcat.TomcatWebServer - Tomcat initialized with port(s): 8080 (http)
2023-07-07 19:52:49.986 [main] INFO  org.apache.coyote.http11.Http11NioProtocol - Initializing ProtocolHandler ["http-nio-8080"]
2023-07-07 19:52:49.987 [main] INFO  org.apache.catalina.core.StandardService - Starting service [Tomcat]
2023-07-07 19:52:49.987 [main] INFO  org.apache.catalina.core.StandardEngine - Starting Servlet engine: [Apache Tomcat/10.1.5]
2023-07-07 19:52:50.042 [main] INFO  org.apache.catalina.core.ContainerBase.[Tomcat].[localhost].[/] - Initializing Spring embedded WebApplicationContext
2023-07-07 19:52:50.042 [main] INFO  org.springframework.boot.web.servlet.context.ServletWebServerApplicationContext - Root WebApplicationContext: initialization completed in 1030 ms
2023-07-07 19:52:50.110 [main] INFO  org.hibernate.jpa.internal.util.LogHelper - HHH000204: Processing PersistenceUnitInfo [name: punit]
2023-07-07 19:52:50.136 [main] INFO  org.hibernate.Version - HHH000412: Hibernate ORM core version 6.1.6.Final
2023-07-07 19:52:50.225 [main] WARN  org.hibernate.orm.deprecation - HHH90000021: Encountered deprecated setting [javax.persistence.sharedCache.mode], use [jakarta.persistence.sharedCache.mode] instead
2023-07-07 19:52:50.576 [main] INFO  SQL dialect - HHH000400: Using dialect: org.hibernate.dialect.MySQLDialect
2023-07-07 19:52:51.214 [main] INFO  org.hibernate.engine.transaction.jta.platform.internal.JtaPlatformInitiator - HHH000490: Using JtaPlatform implementation: [org.hibernate.engine.transaction.jta.platform.internal.NoJtaPlatform]
2023-07-07 19:52:51.221 [main] INFO  org.springframework.orm.jpa.LocalContainerEntityManagerFactoryBean - Initialized JPA EntityManagerFactory for persistence unit 'punit'
2023-07-07 19:52:51.894 [main] WARN  org.springframework.boot.autoconfigure.orm.jpa.JpaBaseConfiguration$JpaWebConfiguration - spring.jpa.open-in-view is enabled by default. Therefore, database queries may be performed during view rendering. Explicitly configure spring.jpa.open-in-view to disable this warning
2023-07-07 19:52:51.967 [main] INFO  org.springframework.boot.autoconfigure.web.servlet.WelcomePageHandlerMapping - Adding welcome page template: index
2023-07-07 19:52:52.120 [main] INFO  org.springframework.security.web.DefaultSecurityFilterChain - Will secure any request with [org.springframework.security.web.session.DisableEncodeUrlFilter@5b1ebbe, org.springframework.security.web.context.request.async.WebAsyncManagerIntegrationFilter@3b802baa, org.springframework.security.web.context.SecurityContextHolderFilter@5f386009, org.springframework.security.web.header.HeaderWriterFilter@26f50a28, org.springframework.security.web.authentication.logout.LogoutFilter@66859669, org.springframework.security.web.authentication.UsernamePasswordAuthenticationFilter@6289376f, org.springframework.security.web.savedrequest.RequestCacheAwareFilter@1786e49f, org.springframework.security.web.servletapi.SecurityContextHolderAwareRequestFilter@3bfbe2a6, org.springframework.security.web.authentication.AnonymousAuthenticationFilter@109941fa, org.springframework.security.web.access.ExceptionTranslationFilter@17d5138, org.springframework.security.web.access.intercept.AuthorizationFilter@1fb4377d]
2023-07-07 19:52:52.339 [main] INFO  org.apache.coyote.http11.Http11NioProtocol - Starting ProtocolHandler ["http-nio-8080"]
2023-07-07 19:52:52.354 [main] INFO  org.springframework.boot.web.embedded.tomcat.TomcatWebServer - Tomcat started on port(s): 8080 (http) with context path ''
2023-07-07 19:52:52.360 [main] INFO  com.flekk.OnlineLearningAcademy.OnlineLearningAcademyApplication - Started OnlineLearningAcademyApplication in 3.751 seconds (process running for 4.454)
2023-07-07 19:53:06.555 [SpringApplicationShutdownHook] INFO  org.springframework.orm.jpa.LocalContainerEntityManagerFactoryBean - Closing JPA EntityManagerFactory for persistence unit 'punit'
2023-07-07 19:53:08.193 [background-preinit] INFO  org.hibernate.validator.internal.util.Version - HV000001: Hibernate Validator 8.0.0.Final
2023-07-07 19:53:08.216 [main] INFO  com.flekk.OnlineLearningAcademy.OnlineLearningAcademyApplication - Starting OnlineLearningAcademyApplication using Java 20.0.1 with PID 16080 (C:\Users\flek\Documents\IBA\OnlineLearningAcademy\target\classes started by flek in C:\Users\flek\Documents\IBA\OnlineLearningAcademy)
2023-07-07 19:53:08.220 [main] INFO  com.flekk.OnlineLearningAcademy.OnlineLearningAcademyApplication - No active profile set, falling back to 1 default profile: "default"
2023-07-07 19:53:08.819 [main] INFO  org.springframework.data.repository.config.RepositoryConfigurationDelegate - Bootstrapping Spring Data JPA repositories in DEFAULT mode.
2023-07-07 19:53:08.873 [main] INFO  org.springframework.data.repository.config.RepositoryConfigurationDelegate - Finished Spring Data repository scanning in 48 ms. Found 7 JPA repository interfaces.
2023-07-07 19:53:09.212 [main] INFO  org.springframework.boot.web.embedded.tomcat.TomcatWebServer - Tomcat initialized with port(s): 8080 (http)
2023-07-07 19:53:09.228 [main] INFO  org.apache.coyote.http11.Http11NioProtocol - Initializing ProtocolHandler ["http-nio-8080"]
2023-07-07 19:53:09.229 [main] INFO  org.apache.catalina.core.StandardService - Starting service [Tomcat]
2023-07-07 19:53:09.229 [main] INFO  org.apache.catalina.core.StandardEngine - Starting Servlet engine: [Apache Tomcat/10.1.5]
2023-07-07 19:53:09.294 [main] INFO  org.apache.catalina.core.ContainerBase.[Tomcat].[localhost].[/] - Initializing Spring embedded WebApplicationContext
2023-07-07 19:53:09.294 [main] INFO  org.springframework.boot.web.servlet.context.ServletWebServerApplicationContext - Root WebApplicationContext: initialization completed in 1037 ms
2023-07-07 19:53:09.381 [main] INFO  org.hibernate.jpa.internal.util.LogHelper - HHH000204: Processing PersistenceUnitInfo [name: punit]
2023-07-07 19:53:09.409 [main] INFO  org.hibernate.Version - HHH000412: Hibernate ORM core version 6.1.6.Final
2023-07-07 19:53:09.502 [main] WARN  org.hibernate.orm.deprecation - HHH90000021: Encountered deprecated setting [javax.persistence.sharedCache.mode], use [jakarta.persistence.sharedCache.mode] instead
2023-07-07 19:53:09.844 [main] INFO  SQL dialect - HHH000400: Using dialect: org.hibernate.dialect.MySQLDialect
2023-07-07 19:53:10.462 [main] INFO  org.hibernate.engine.transaction.jta.platform.internal.JtaPlatformInitiator - HHH000490: Using JtaPlatform implementation: [org.hibernate.engine.transaction.jta.platform.internal.NoJtaPlatform]
2023-07-07 19:53:10.468 [main] INFO  org.springframework.orm.jpa.LocalContainerEntityManagerFactoryBean - Initialized JPA EntityManagerFactory for persistence unit 'punit'
2023-07-07 19:53:11.112 [main] WARN  org.springframework.boot.autoconfigure.orm.jpa.JpaBaseConfiguration$JpaWebConfiguration - spring.jpa.open-in-view is enabled by default. Therefore, database queries may be performed during view rendering. Explicitly configure spring.jpa.open-in-view to disable this warning
2023-07-07 19:53:11.188 [main] INFO  org.springframework.boot.autoconfigure.web.servlet.WelcomePageHandlerMapping - Adding welcome page template: index
2023-07-07 19:53:11.348 [main] INFO  org.springframework.security.web.DefaultSecurityFilterChain - Will secure any request with [org.springframework.security.web.session.DisableEncodeUrlFilter@19dc9dda, org.springframework.security.web.context.request.async.WebAsyncManagerIntegrationFilter@72e9c0a0, org.springframework.security.web.context.SecurityContextHolderFilter@411b75b4, org.springframework.security.web.header.HeaderWriterFilter@124e538e, org.springframework.security.web.authentication.logout.LogoutFilter@1435a8ca, org.springframework.security.web.authentication.UsernamePasswordAuthenticationFilter@1f748d43, org.springframework.security.web.savedrequest.RequestCacheAwareFilter@4f63219e, org.springframework.security.web.servletapi.SecurityContextHolderAwareRequestFilter@6eaa5458, org.springframework.security.web.authentication.AnonymousAuthenticationFilter@494c452b, org.springframework.security.web.access.ExceptionTranslationFilter@1631a614, org.springframework.security.web.access.intercept.AuthorizationFilter@2b1818d1]
2023-07-07 19:53:11.547 [main] INFO  org.apache.coyote.http11.Http11NioProtocol - Starting ProtocolHandler ["http-nio-8080"]
2023-07-07 19:53:11.559 [main] INFO  org.springframework.boot.web.embedded.tomcat.TomcatWebServer - Tomcat started on port(s): 8080 (http) with context path ''
2023-07-07 19:53:11.566 [main] INFO  com.flekk.OnlineLearningAcademy.OnlineLearningAcademyApplication - Started OnlineLearningAcademyApplication in 3.672 seconds (process running for 4.395)
2023-07-07 19:55:40.707 [SpringApplicationShutdownHook] INFO  org.springframework.orm.jpa.LocalContainerEntityManagerFactoryBean - Closing JPA EntityManagerFactory for persistence unit 'punit'
2023-07-07 19:55:42.269 [background-preinit] INFO  org.hibernate.validator.internal.util.Version - HV000001: Hibernate Validator 8.0.0.Final
2023-07-07 19:55:42.286 [main] INFO  com.flekk.OnlineLearningAcademy.OnlineLearningAcademyApplication - Starting OnlineLearningAcademyApplication using Java 20.0.1 with PID 5212 (C:\Users\flek\Documents\IBA\OnlineLearningAcademy\target\classes started by flek in C:\Users\flek\Documents\IBA\OnlineLearningAcademy)
2023-07-07 19:55:42.289 [main] INFO  com.flekk.OnlineLearningAcademy.OnlineLearningAcademyApplication - No active profile set, falling back to 1 default profile: "default"
2023-07-07 19:55:42.862 [main] INFO  org.springframework.data.repository.config.RepositoryConfigurationDelegate - Bootstrapping Spring Data JPA repositories in DEFAULT mode.
2023-07-07 19:55:42.912 [main] INFO  org.springframework.data.repository.config.RepositoryConfigurationDelegate - Finished Spring Data repository scanning in 46 ms. Found 7 JPA repository interfaces.
2023-07-07 19:55:43.287 [main] INFO  org.springframework.boot.web.embedded.tomcat.TomcatWebServer - Tomcat initialized with port(s): 8080 (http)
2023-07-07 19:55:43.293 [main] INFO  org.apache.coyote.http11.Http11NioProtocol - Initializing ProtocolHandler ["http-nio-8080"]
2023-07-07 19:55:43.293 [main] INFO  org.apache.catalina.core.StandardService - Starting service [Tomcat]
2023-07-07 19:55:43.294 [main] INFO  org.apache.catalina.core.StandardEngine - Starting Servlet engine: [Apache Tomcat/10.1.5]
2023-07-07 19:55:43.347 [main] INFO  org.apache.catalina.core.ContainerBase.[Tomcat].[localhost].[/] - Initializing Spring embedded WebApplicationContext
2023-07-07 19:55:43.347 [main] INFO  org.springframework.boot.web.servlet.context.ServletWebServerApplicationContext - Root WebApplicationContext: initialization completed in 1023 ms
2023-07-07 19:55:43.418 [main] INFO  org.hibernate.jpa.internal.util.LogHelper - HHH000204: Processing PersistenceUnitInfo [name: punit]
2023-07-07 19:55:43.451 [main] INFO  org.hibernate.Version - HHH000412: Hibernate ORM core version 6.1.6.Final
2023-07-07 19:55:43.545 [main] WARN  org.hibernate.orm.deprecation - HHH90000021: Encountered deprecated setting [javax.persistence.sharedCache.mode], use [jakarta.persistence.sharedCache.mode] instead
2023-07-07 19:55:43.907 [main] INFO  SQL dialect - HHH000400: Using dialect: org.hibernate.dialect.MySQLDialect
2023-07-07 19:55:44.536 [main] INFO  org.hibernate.engine.transaction.jta.platform.internal.JtaPlatformInitiator - HHH000490: Using JtaPlatform implementation: [org.hibernate.engine.transaction.jta.platform.internal.NoJtaPlatform]
2023-07-07 19:55:44.542 [main] INFO  org.springframework.orm.jpa.LocalContainerEntityManagerFactoryBean - Initialized JPA EntityManagerFactory for persistence unit 'punit'
2023-07-07 19:55:45.207 [main] WARN  org.springframework.boot.autoconfigure.orm.jpa.JpaBaseConfiguration$JpaWebConfiguration - spring.jpa.open-in-view is enabled by default. Therefore, database queries may be performed during view rendering. Explicitly configure spring.jpa.open-in-view to disable this warning
2023-07-07 19:55:45.287 [main] INFO  org.springframework.boot.autoconfigure.web.servlet.WelcomePageHandlerMapping - Adding welcome page template: index
2023-07-07 19:55:45.438 [main] INFO  org.springframework.security.web.DefaultSecurityFilterChain - Will secure any request with [org.springframework.security.web.session.DisableEncodeUrlFilter@7eb370c5, org.springframework.security.web.context.request.async.WebAsyncManagerIntegrationFilter@26c24e5, org.springframework.security.web.context.SecurityContextHolderFilter@64aab3fd, org.springframework.security.web.header.HeaderWriterFilter@4a0161ee, org.springframework.security.web.authentication.logout.LogoutFilter@4a467f08, org.springframework.security.web.authentication.UsernamePasswordAuthenticationFilter@283074e8, org.springframework.security.web.savedrequest.RequestCacheAwareFilter@34c79268, org.springframework.security.web.servletapi.SecurityContextHolderAwareRequestFilter@5fe80760, org.springframework.security.web.authentication.AnonymousAuthenticationFilter@29509774, org.springframework.security.web.access.ExceptionTranslationFilter@6b6b4177, org.springframework.security.web.access.intercept.AuthorizationFilter@4467088e]
2023-07-07 19:55:45.632 [main] INFO  org.apache.coyote.http11.Http11NioProtocol - Starting ProtocolHandler ["http-nio-8080"]
2023-07-07 19:55:45.646 [main] INFO  org.springframework.boot.web.embedded.tomcat.TomcatWebServer - Tomcat started on port(s): 8080 (http) with context path ''
2023-07-07 19:55:45.655 [main] INFO  com.flekk.OnlineLearningAcademy.OnlineLearningAcademyApplication - Started OnlineLearningAcademyApplication in 3.628 seconds (process running for 4.351)
2023-07-07 19:57:04.998 [SpringApplicationShutdownHook] INFO  org.springframework.orm.jpa.LocalContainerEntityManagerFactoryBean - Closing JPA EntityManagerFactory for persistence unit 'punit'
