2023-07-07 20:22:27.707 [background-preinit] INFO  org.hibernate.validator.internal.util.Version - HV000001: Hibernate Validator 8.0.0.Final
2023-07-07 20:22:27.736 [main] INFO  com.flekk.OnlineLearningAcademy.OnlineLearningAcademyApplication - Starting OnlineLearningAcademyApplication using Java 20.0.1 with PID 17668 (C:\Users\flek\Documents\IBA\OnlineLearningAcademy\target\classes started by flek in C:\Users\flek\Documents\IBA\OnlineLearningAcademy)
2023-07-07 20:22:27.740 [main] INFO  com.flekk.OnlineLearningAcademy.OnlineLearningAcademyApplication - No active profile set, falling back to 1 default profile: "default"
2023-07-07 20:22:28.393 [main] INFO  org.springframework.data.repository.config.RepositoryConfigurationDelegate - Bootstrapping Spring Data JPA repositories in DEFAULT mode.
2023-07-07 20:22:28.456 [main] INFO  org.springframework.data.repository.config.RepositoryConfigurationDelegate - Finished Spring Data repository scanning in 56 ms. Found 7 JPA repository interfaces.
2023-07-07 20:22:28.860 [main] INFO  org.springframework.boot.web.embedded.tomcat.TomcatWebServer - Tomcat initialized with port(s): 8080 (http)
2023-07-07 20:22:28.868 [main] INFO  org.apache.coyote.http11.Http11NioProtocol - Initializing ProtocolHandler ["http-nio-8080"]
2023-07-07 20:22:28.868 [main] INFO  org.apache.catalina.core.StandardService - Starting service [Tomcat]
2023-07-07 20:22:28.869 [main] INFO  org.apache.catalina.core.StandardEngine - Starting Servlet engine: [Apache Tomcat/10.1.5]
2023-07-07 20:22:28.938 [main] INFO  org.apache.catalina.core.ContainerBase.[Tomcat].[localhost].[/] - Initializing Spring embedded WebApplicationContext
2023-07-07 20:22:28.939 [main] INFO  org.springframework.boot.web.servlet.context.ServletWebServerApplicationContext - Root WebApplicationContext: initialization completed in 1160 ms
2023-07-07 20:22:29.032 [main] INFO  org.hibernate.jpa.internal.util.LogHelper - HHH000204: Processing PersistenceUnitInfo [name: punit]
2023-07-07 20:22:29.065 [main] INFO  org.hibernate.Version - HHH000412: Hibernate ORM core version 6.1.6.Final
2023-07-07 20:22:29.173 [main] WARN  org.hibernate.orm.deprecation - HHH90000021: Encountered deprecated setting [javax.persistence.sharedCache.mode], use [jakarta.persistence.sharedCache.mode] instead
2023-07-07 20:22:29.581 [main] INFO  SQL dialect - HHH000400: Using dialect: org.hibernate.dialect.MySQLDialect
2023-07-07 20:22:30.279 [main] INFO  org.hibernate.engine.transaction.jta.platform.internal.JtaPlatformInitiator - HHH000490: Using JtaPlatform implementation: [org.hibernate.engine.transaction.jta.platform.internal.NoJtaPlatform]
2023-07-07 20:22:30.287 [main] INFO  org.springframework.orm.jpa.LocalContainerEntityManagerFactoryBean - Initialized JPA EntityManagerFactory for persistence unit 'punit'
2023-07-07 20:22:31.030 [main] WARN  org.springframework.boot.autoconfigure.orm.jpa.JpaBaseConfiguration$JpaWebConfiguration - spring.jpa.open-in-view is enabled by default. Therefore, database queries may be performed during view rendering. Explicitly configure spring.jpa.open-in-view to disable this warning
2023-07-07 20:22:31.110 [main] INFO  org.springframework.boot.autoconfigure.web.servlet.WelcomePageHandlerMapping - Adding welcome page template: index
2023-07-07 20:22:31.313 [main] INFO  org.springframework.security.web.DefaultSecurityFilterChain - Will secure any request with [org.springframework.security.web.session.DisableEncodeUrlFilter@5d956649, org.springframework.security.web.context.request.async.WebAsyncManagerIntegrationFilter@21b508a0, org.springframework.security.web.context.SecurityContextHolderFilter@6945fdb8, org.springframework.security.web.header.HeaderWriterFilter@1e82b631, org.springframework.security.web.authentication.logout.LogoutFilter@4ab1ff80, org.springframework.security.web.authentication.UsernamePasswordAuthenticationFilter@347074a9, org.springframework.security.web.savedrequest.RequestCacheAwareFilter@35e64c7b, org.springframework.security.web.servletapi.SecurityContextHolderAwareRequestFilter@17179a7e, org.springframework.security.web.authentication.AnonymousAuthenticationFilter@16d7f503, org.springframework.security.web.access.ExceptionTranslationFilter@4dfe14d4, org.springframework.security.web.access.intercept.AuthorizationFilter@6193a9e2]
2023-07-07 20:22:31.521 [main] INFO  org.apache.coyote.http11.Http11NioProtocol - Starting ProtocolHandler ["http-nio-8080"]
2023-07-07 20:22:31.541 [main] INFO  org.springframework.boot.web.embedded.tomcat.TomcatWebServer - Tomcat started on port(s): 8080 (http) with context path ''
2023-07-07 20:22:31.548 [main] INFO  com.flekk.OnlineLearningAcademy.OnlineLearningAcademyApplication - Started OnlineLearningAcademyApplication in 4.109 seconds (process running for 4.978)
