2023-07-07 19:57:06.701 [background-preinit] INFO  org.hibernate.validator.internal.util.Version - HV000001: Hibernate Validator 8.0.0.Final
2023-07-07 19:57:06.726 [main] INFO  com.flekk.OnlineLearningAcademy.OnlineLearningAcademyApplication - Starting OnlineLearningAcademyApplication using Java 20.0.1 with PID 5624 (C:\Users\flek\Documents\IBA\OnlineLearningAcademy\target\classes started by flek in C:\Users\flek\Documents\IBA\OnlineLearningAcademy)
2023-07-07 19:57:06.730 [main] INFO  com.flekk.OnlineLearningAcademy.OnlineLearningAcademyApplication - No active profile set, falling back to 1 default profile: "default"
2023-07-07 19:57:07.392 [main] INFO  org.springframework.data.repository.config.RepositoryConfigurationDelegate - Bootstrapping Spring Data JPA repositories in DEFAULT mode.
2023-07-07 19:57:07.448 [main] INFO  org.springframework.data.repository.config.RepositoryConfigurationDelegate - Finished Spring Data repository scanning in 50 ms. Found 7 JPA repository interfaces.
2023-07-07 19:57:07.829 [main] INFO  org.springframework.boot.web.embedded.tomcat.TomcatWebServer - Tomcat initialized with port(s): 8080 (http)
2023-07-07 19:57:07.836 [main] INFO  org.apache.coyote.http11.Http11NioProtocol - Initializing ProtocolHandler ["http-nio-8080"]
2023-07-07 19:57:07.837 [main] INFO  org.apache.catalina.core.StandardService - Starting service [Tomcat]
2023-07-07 19:57:07.837 [main] INFO  org.apache.catalina.core.StandardEngine - Starting Servlet engine: [Apache Tomcat/10.1.5]
2023-07-07 19:57:07.899 [main] INFO  org.apache.catalina.core.ContainerBase.[Tomcat].[localhost].[/] - Initializing Spring embedded WebApplicationContext
2023-07-07 19:57:07.899 [main] INFO  org.springframework.boot.web.servlet.context.ServletWebServerApplicationContext - Root WebApplicationContext: initialization completed in 1132 ms
2023-07-07 19:57:07.973 [main] INFO  org.hibernate.jpa.internal.util.LogHelper - HHH000204: Processing PersistenceUnitInfo [name: punit]
2023-07-07 19:57:08.000 [main] INFO  org.hibernate.Version - HHH000412: Hibernate ORM core version 6.1.6.Final
2023-07-07 19:57:08.094 [main] WARN  org.hibernate.orm.deprecation - HHH90000021: Encountered deprecated setting [javax.persistence.sharedCache.mode], use [jakarta.persistence.sharedCache.mode] instead
2023-07-07 19:57:08.454 [main] INFO  SQL dialect - HHH000400: Using dialect: org.hibernate.dialect.MySQLDialect
2023-07-07 19:57:09.090 [main] INFO  org.hibernate.engine.transaction.jta.platform.internal.JtaPlatformInitiator - HHH000490: Using JtaPlatform implementation: [org.hibernate.engine.transaction.jta.platform.internal.NoJtaPlatform]
2023-07-07 19:57:09.096 [main] INFO  org.springframework.orm.jpa.LocalContainerEntityManagerFactoryBean - Initialized JPA EntityManagerFactory for persistence unit 'punit'
2023-07-07 19:57:09.788 [main] WARN  org.springframework.boot.autoconfigure.orm.jpa.JpaBaseConfiguration$JpaWebConfiguration - spring.jpa.open-in-view is enabled by default. Therefore, database queries may be performed during view rendering. Explicitly configure spring.jpa.open-in-view to disable this warning
2023-07-07 19:57:09.875 [main] INFO  org.springframework.boot.autoconfigure.web.servlet.WelcomePageHandlerMapping - Adding welcome page template: index
2023-07-07 19:57:10.049 [main] INFO  org.springframework.security.web.DefaultSecurityFilterChain - Will secure any request with [org.springframework.security.web.session.DisableEncodeUrlFilter@4951dc8c, org.springframework.security.web.context.request.async.WebAsyncManagerIntegrationFilter@11c82829, org.springframework.security.web.context.SecurityContextHolderFilter@65b17373, org.springframework.security.web.header.HeaderWriterFilter@30407f28, org.springframework.security.web.authentication.logout.LogoutFilter@ba4c99c, org.springframework.security.web.authentication.UsernamePasswordAuthenticationFilter@1626612d, org.springframework.security.web.savedrequest.RequestCacheAwareFilter@19305a7c, org.springframework.security.web.servletapi.SecurityContextHolderAwareRequestFilter@7e0fc5d0, org.springframework.security.web.authentication.AnonymousAuthenticationFilter@34c21c34, org.springframework.security.web.access.ExceptionTranslationFilter@7ec63b9a, org.springframework.security.web.access.intercept.AuthorizationFilter@796434a3]
2023-07-07 19:57:10.258 [main] INFO  org.apache.coyote.http11.Http11NioProtocol - Starting ProtocolHandler ["http-nio-8080"]
2023-07-07 19:57:10.273 [main] INFO  org.springframework.boot.web.embedded.tomcat.TomcatWebServer - Tomcat started on port(s): 8080 (http) with context path ''
2023-07-07 19:57:10.281 [main] INFO  com.flekk.OnlineLearningAcademy.OnlineLearningAcademyApplication - Started OnlineLearningAcademyApplication in 3.821 seconds (process running for 4.613)
2023-07-07 19:57:31.762 [http-nio-8080-exec-1] INFO  org.apache.catalina.core.ContainerBase.[Tomcat].[localhost].[/] - Initializing Spring DispatcherServlet 'dispatcherServlet'
2023-07-07 19:57:31.762 [http-nio-8080-exec-1] INFO  org.springframework.web.servlet.DispatcherServlet - Initializing Servlet 'dispatcherServlet'
2023-07-07 19:57:31.764 [http-nio-8080-exec-1] INFO  org.springframework.web.servlet.DispatcherServlet - Completed initialization in 1 ms
2023-07-07 19:57:53.698 [http-nio-8080-exec-6] INFO  com.flekk.OnlineLearningAcademy.service.impl.CourseServiceImpl - Deleting course 13
2023-07-07 19:57:53.731 [http-nio-8080-exec-6] INFO  com.flekk.OnlineLearningAcademy.service.impl.CourseServiceImpl - Course 13 deleted successfully
2023-07-07 20:02:06.238 [SpringApplicationShutdownHook] INFO  org.springframework.orm.jpa.LocalContainerEntityManagerFactoryBean - Closing JPA EntityManagerFactory for persistence unit 'punit'
