2023-07-07 22:21:16.335 [background-preinit] INFO  org.hibernate.validator.internal.util.Version - HV000001: Hibernate Validator 8.0.0.Final
2023-07-07 22:21:16.370 [main] INFO  com.flekk.OnlineLearningAcademy.OnlineLearningAcademyApplication - Starting OnlineLearningAcademyApplication using Java 20.0.1 with PID 15384 (C:\Users\flek\Documents\IBA\OnlineLearningAcademy\target\classes started by flek in C:\Users\flek\Documents\IBA\OnlineLearningAcademy)
2023-07-07 22:21:16.374 [main] INFO  com.flekk.OnlineLearningAcademy.OnlineLearningAcademyApplication - No active profile set, falling back to 1 default profile: "default"
2023-07-07 22:21:17.061 [main] INFO  org.springframework.data.repository.config.RepositoryConfigurationDelegate - Bootstrapping Spring Data JPA repositories in DEFAULT mode.
2023-07-07 22:21:17.123 [main] INFO  org.springframework.data.repository.config.RepositoryConfigurationDelegate - Finished Spring Data repository scanning in 55 ms. Found 7 JPA repository interfaces.
2023-07-07 22:21:17.629 [main] INFO  org.springframework.boot.web.embedded.tomcat.TomcatWebServer - Tomcat initialized with port(s): 8080 (http)
2023-07-07 22:21:17.637 [main] INFO  org.apache.coyote.http11.Http11NioProtocol - Initializing ProtocolHandler ["http-nio-8080"]
2023-07-07 22:21:17.638 [main] INFO  org.apache.catalina.core.StandardService - Starting service [Tomcat]
2023-07-07 22:21:17.638 [main] INFO  org.apache.catalina.core.StandardEngine - Starting Servlet engine: [Apache Tomcat/10.1.5]
2023-07-07 22:21:17.714 [main] INFO  org.apache.catalina.core.ContainerBase.[Tomcat].[localhost].[/] - Initializing Spring embedded WebApplicationContext
2023-07-07 22:21:17.715 [main] INFO  org.springframework.boot.web.servlet.context.ServletWebServerApplicationContext - Root WebApplicationContext: initialization completed in 1301 ms
2023-07-07 22:21:17.826 [main] INFO  org.hibernate.jpa.internal.util.LogHelper - HHH000204: Processing PersistenceUnitInfo [name: punit]
2023-07-07 22:21:17.877 [main] INFO  org.hibernate.Version - HHH000412: Hibernate ORM core version 6.1.6.Final
2023-07-07 22:21:17.998 [main] WARN  org.hibernate.orm.deprecation - HHH90000021: Encountered deprecated setting [javax.persistence.sharedCache.mode], use [jakarta.persistence.sharedCache.mode] instead
2023-07-07 22:21:18.506 [main] INFO  SQL dialect - HHH000400: Using dialect: org.hibernate.dialect.MySQLDialect
2023-07-07 22:21:19.302 [main] INFO  org.hibernate.engine.transaction.jta.platform.internal.JtaPlatformInitiator - HHH000490: Using JtaPlatform implementation: [org.hibernate.engine.transaction.jta.platform.internal.NoJtaPlatform]
2023-07-07 22:21:19.312 [main] INFO  org.springframework.orm.jpa.LocalContainerEntityManagerFactoryBean - Initialized JPA EntityManagerFactory for persistence unit 'punit'
2023-07-07 22:21:20.147 [main] WARN  org.springframework.boot.autoconfigure.orm.jpa.JpaBaseConfiguration$JpaWebConfiguration - spring.jpa.open-in-view is enabled by default. Therefore, database queries may be performed during view rendering. Explicitly configure spring.jpa.open-in-view to disable this warning
2023-07-07 22:21:20.237 [main] INFO  org.springframework.boot.autoconfigure.web.servlet.WelcomePageHandlerMapping - Adding welcome page template: index
2023-07-07 22:21:20.432 [main] INFO  org.springframework.security.web.DefaultSecurityFilterChain - Will secure any request with [org.springframework.security.web.session.DisableEncodeUrlFilter@6945fdb8, org.springframework.security.web.context.request.async.WebAsyncManagerIntegrationFilter@627dfd9f, org.springframework.security.web.context.SecurityContextHolderFilter@1791670e, org.springframework.security.web.header.HeaderWriterFilter@109941fa, org.springframework.security.web.authentication.logout.LogoutFilter@5fc44b4b, org.springframework.security.web.authentication.UsernamePasswordAuthenticationFilter@42c2a1da, org.springframework.security.web.savedrequest.RequestCacheAwareFilter@6bd2c51d, org.springframework.security.web.servletapi.SecurityContextHolderAwareRequestFilter@709c41da, org.springframework.security.web.authentication.AnonymousAuthenticationFilter@35e64c7b, org.springframework.security.web.access.ExceptionTranslationFilter@6289376f, org.springframework.security.web.access.intercept.AuthorizationFilter@1e82b631]
2023-07-07 22:21:20.711 [main] INFO  org.apache.coyote.http11.Http11NioProtocol - Starting ProtocolHandler ["http-nio-8080"]
2023-07-07 22:21:20.734 [main] INFO  org.springframework.boot.web.embedded.tomcat.TomcatWebServer - Tomcat started on port(s): 8080 (http) with context path ''
2023-07-07 22:21:20.741 [main] INFO  com.flekk.OnlineLearningAcademy.OnlineLearningAcademyApplication - Started OnlineLearningAcademyApplication in 4.706 seconds (process running for 5.749)
2023-07-07 22:21:20.886 [http-nio-8080-exec-1] INFO  org.apache.catalina.core.ContainerBase.[Tomcat].[localhost].[/] - Initializing Spring DispatcherServlet 'dispatcherServlet'
2023-07-07 22:21:20.886 [http-nio-8080-exec-1] INFO  org.springframework.web.servlet.DispatcherServlet - Initializing Servlet 'dispatcherServlet'
2023-07-07 22:21:20.887 [http-nio-8080-exec-1] INFO  org.springframework.web.servlet.DispatcherServlet - Completed initialization in 1 ms
